c:\users\joe\source\repos\auto-installer for pixel mk 3\debug\auto-installer for pixel mk 3.lib
c:\users\joe\source\repos\auto-installer for pixel mk 3\debug\auto-installer for pixel mk 3.exp
c:\users\joe\source\repos\auto-installer for pixel mk 3\debug\vcpkg.applocal.log
c:\users\joe\source\repos\auto-installer for pixel mk 3\debug\vc142.pdb
c:\users\joe\source\repos\auto-installer for pixel mk 3\debug\vc142.idb
c:\users\joe\source\repos\auto-installer for pixel mk 3\debug\imgui_widgets.obj
c:\users\joe\source\repos\auto-installer for pixel mk 3\debug\imgui_impl_opengl3.obj
c:\users\joe\source\repos\auto-installer for pixel mk 3\debug\imgui_impl_glfw.obj
c:\users\joe\source\repos\auto-installer for pixel mk 3\debug\imgui_draw.obj
c:\users\joe\source\repos\auto-installer for pixel mk 3\debug\imgui_demo.obj
c:\users\joe\source\repos\auto-installer for pixel mk 3\debug\imgui.obj
c:\users\joe\source\repos\auto-installer for pixel mk 3\debug\source.obj
c:\users\joe\source\repos\auto-installer for pixel mk 3\debug\main.obj
c:\users\joe\source\repos\auto-installer for pixel mk 3\debug\extractzip.obj
c:\users\joe\source\repos\auto-installer for pixel mk 3\debug\downloader.obj
c:\users\joe\source\repos\auto-installer for pixel mk 3\debug\createprofile.obj
c:\users\joe\source\repos\auto-installer for pixel mk 3\debug\auto-installer for pixel mk 3.exe
c:\users\joe\source\repos\auto-installer for pixel mk 3\debug\auto-installer for pixel mk 3.ilk
c:\users\joe\source\repos\auto-installer for pixel mk 3\debug\auto-installer for pixel mk 3.pdb
c:\users\joe\source\repos\auto-installer for pixel mk 3\debug\auto-ins.8b4bac06.tlog\auto-installer for pixel mk 3.write.1u.tlog
c:\users\joe\source\repos\auto-installer for pixel mk 3\debug\auto-ins.8b4bac06.tlog\cl.command.1.tlog
c:\users\joe\source\repos\auto-installer for pixel mk 3\debug\auto-ins.8b4bac06.tlog\cl.read.1.tlog
c:\users\joe\source\repos\auto-installer for pixel mk 3\debug\auto-ins.8b4bac06.tlog\cl.write.1.tlog
c:\users\joe\source\repos\auto-installer for pixel mk 3\debug\auto-ins.8b4bac06.tlog\link.command.1.tlog
c:\users\joe\source\repos\auto-installer for pixel mk 3\debug\auto-ins.8b4bac06.tlog\link.read.1.tlog
c:\users\joe\source\repos\auto-installer for pixel mk 3\debug\auto-ins.8b4bac06.tlog\link.write.1.tlog
